# JRE version: OpenJDK Runtime Environment (8.0_152-b02) (build 1.8.0_152-release-1024-b02)
# Java VM: OpenJDK 64-Bit Server VM (25.152-b02 mixed mode windows-amd64 compressed oops)
Heap:
 PSYoungGen      total 8704K, used 1133K [0x00000000feb00000, 0x0000000100000000, 0x0000000100000000)
  eden space 8192K, 7% used [0x00000000feb00000,0x00000000feba3708,0x00000000ff300000)
  from space 512K, 93% used [0x00000000ff300000,0x00000000ff378000,0x00000000ff380000)
  to   space 7168K, 0% used [0x00000000ff900000,0x00000000ff900000,0x0000000100000000)
 ParOldGen       total 44032K, used 7954K [0x00000000fc000000, 0x00000000feb00000, 0x00000000feb00000)
  object space 44032K, 18% used [0x00000000fc000000,0x00000000fc7c4918,0x00000000feb00000)
 Metaspace       used 7890K, capacity 8136K, committed 8192K, reserved 1056768K
  class space    used 875K, capacity 970K, committed 1024K, reserved 1048576K
GC Heap History (10 events):
Event: 2.535 GC heap before
{Heap before GC invocations=3 (full 0):
 PSYoungGen      total 18944K, used 18931K [0x00000000feb00000, 0x0000000100000000, 0x0000000100000000)
  eden space 16384K, 100% used [0x00000000feb00000,0x00000000ffb00000,0x00000000ffb00000)
  from space 2560K, 99% used [0x00000000ffd80000,0x00000000ffffcf08,0x0000000100000000)
  to   space 2560K, 0% used [0x00000000ffb00000,0x00000000ffb00000,0x00000000ffd80000)
 ParOldGen       total 44032K, used 5128K [0x00000000fc000000, 0x00000000feb00000, 0x00000000feb00000)
  object space 44032K, 11% used [0x00000000fc000000,0x00000000fc5022e8,0x00000000feb00000)
 Metaspace       used 7769K, capacity 8008K, committed 8192K, reserved 1056768K
  class space    used 874K, capacity 970K, committed 1024K, reserved 1048576K
Event: 2.568 GC heap after
Heap after GC invocations=3 (full 0):
 PSYoungGen      total 18944K, used 2547K [0x00000000feb00000, 0x0000000100000000, 0x0000000100000000)
  eden space 16384K, 0% used [0x00000000feb00000,0x00000000feb00000,0x00000000ffb00000)
  from space 2560K, 99% used [0x00000000ffb00000,0x00000000ffd7cf28,0x00000000ffd80000)
  to   space 2560K, 0% used [0x00000000ffd80000,0x00000000ffd80000,0x0000000100000000)
 ParOldGen       total 44032K, used 5698K [0x00000000fc000000, 0x00000000feb00000, 0x00000000feb00000)
  object space 44032K, 12% used [0x00000000fc000000,0x00000000fc5909b0,0x00000000feb00000)
 Metaspace       used 7769K, capacity 8008K, committed 8192K, reserved 1056768K
  class space    used 874K, capacity 970K, committed 1024K, reserved 1048576K
}
Event: 3.089 GC heap before
{Heap before GC invocations=4 (full 0):
 PSYoungGen      total 18944K, used 18931K [0x00000000feb00000, 0x0000000100000000, 0x0000000100000000)
  eden space 16384K, 100% used [0x00000000feb00000,0x00000000ffb00000,0x00000000ffb00000)
  from space 2560K, 99% used [0x00000000ffb00000,0x00000000ffd7cf28,0x00000000ffd80000)
  to   space 2560K, 0% used [0x00000000ffd80000,0x00000000ffd80000,0x0000000100000000)
 ParOldGen       total 44032K, used 5698K [0x00000000fc000000, 0x00000000feb00000, 0x00000000feb00000)
  object space 44032K, 12% used [0x00000000fc000000,0x00000000fc5909b0,0x00000000feb00000)
 Metaspace       used 7841K, capacity 8072K, committed 8192K, reserved 1056768K
  class space    used 874K, capacity 970K, committed 1024K, reserved 1048576K
Event: 3.097 GC heap after
Heap after GC invocations=4 (full 0):
 PSYoungGen      total 18944K, used 2515K [0x00000000feb00000, 0x0000000100000000, 0x0000000100000000)
  eden space 16384K, 0% used [0x00000000feb00000,0x00000000feb00000,0x00000000ffb00000)
  from space 2560K, 98% used [0x00000000ffd80000,0x00000000ffff4f28,0x0000000100000000)
  to   space 2560K, 0% used [0x00000000ffb00000,0x00000000ffb00000,0x00000000ffd80000)
 ParOldGen       total 44032K, used 5698K [0x00000000fc000000, 0x00000000feb00000, 0x00000000feb00000)
  object space 44032K, 12% used [0x00000000fc000000,0x00000000fc5909b0,0x00000000feb00000)
 Metaspace       used 7841K, capacity 8072K, committed 8192K, reserved 1056768K
  class space    used 874K, capacity 970K, committed 1024K, reserved 1048576K
}
Event: 3.310 GC heap before
{Heap before GC invocations=5 (full 0):
 PSYoungGen      total 18944K, used 18899K [0x00000000feb00000, 0x0000000100000000, 0x0000000100000000)
  eden space 16384K, 100% used [0x00000000feb00000,0x00000000ffb00000,0x00000000ffb00000)
  from space 2560K, 98% used [0x00000000ffd80000,0x00000000ffff4f28,0x0000000100000000)
  to   space 2560K, 0% used [0x00000000ffb00000,0x00000000ffb00000,0x00000000ffd80000)
 ParOldGen       total 44032K, used 5698K [0x00000000fc000000, 0x00000000feb00000, 0x00000000feb00000)
  object space 44032K, 12% used [0x00000000fc000000,0x00000000fc5909b0,0x00000000feb00000)
 Metaspace       used 7871K, capacity 8136K, committed 8192K, reserved 1056768K
  class space    used 875K, capacity 970K, committed 1024K, reserved 1048576K
Event: 3.339 GC heap after
Heap after GC invocations=5 (full 0):
 PSYoungGen      total 18944K, used 2515K [0x00000000feb00000, 0x0000000100000000, 0x0000000100000000)
  eden space 16384K, 0% used [0x00000000feb00000,0x00000000feb00000,0x00000000ffb00000)
  from space 2560K, 98% used [0x00000000ffb00000,0x00000000ffd74f28,0x00000000ffd80000)
  to   space 2560K, 0% used [0x00000000ffd80000,0x00000000ffd80000,0x0000000100000000)
 ParOldGen       total 44032K, used 5706K [0x00000000fc000000, 0x00000000feb00000, 0x00000000feb00000)
  object space 44032K, 12% used [0x00000000fc000000,0x00000000fc5929b0,0x00000000feb00000)
 Metaspace       used 7871K, capacity 8136K, committed 8192K, reserved 1056768K
  class space    used 875K, capacity 970K, committed 1024K, reserved 1048576K
}
Event: 4.020 GC heap before
{Heap before GC invocations=6 (full 0):
 PSYoungGen      total 18944K, used 18899K [0x00000000feb00000, 0x0000000100000000, 0x0000000100000000)
  eden space 16384K, 100% used [0x00000000feb00000,0x00000000ffb00000,0x00000000ffb00000)
  from space 2560K, 98% used [0x00000000ffb00000,0x00000000ffd74f28,0x00000000ffd80000)
  to   space 2560K, 0% used [0x00000000ffd80000,0x00000000ffd80000,0x0000000100000000)
 ParOldGen       total 44032K, used 5706K [0x00000000fc000000, 0x00000000feb00000, 0x00000000feb00000)
  object space 44032K, 12% used [0x00000000fc000000,0x00000000fc5929b0,0x00000000feb00000)
 Metaspace       used 7881K, capacity 8136K, committed 8192K, reserved 1056768K
  class space    used 875K, capacity 970K, committed 1024K, reserved 1048576K
Event: 4.025 GC heap after
Heap after GC invocations=6 (full 0):
 PSYoungGen      total 10752K, used 2546K [0x00000000feb00000, 0x0000000100000000, 0x0000000100000000)
  eden space 8192K, 0% used [0x00000000feb00000,0x00000000feb00000,0x00000000ff300000)
  from space 2560K, 99% used [0x00000000ffd80000,0x00000000ffffca20,0x0000000100000000)
  to   space 6656K, 0% used [0x00000000ff300000,0x00000000ff300000,0x00000000ff980000)
 ParOldGen       total 44032K, used 5850K [0x00000000fc000000, 0x00000000feb00000, 0x00000000feb00000)
  object space 44032K, 13% used [0x00000000fc000000,0x00000000fc5b69b0,0x00000000feb00000)
 Metaspace       used 7881K, capacity 8136K, committed 8192K, reserved 1056768K
  class space    used 875K, capacity 970K, committed 1024K, reserved 1048576K
}
Event: 4.199 GC heap before
{Heap before GC invocations=7 (full 0):
 PSYoungGen      total 10752K, used 10738K [0x00000000feb00000, 0x0000000100000000, 0x0000000100000000)
  eden space 8192K, 100% used [0x00000000feb00000,0x00000000ff300000,0x00000000ff300000)
  from space 2560K, 99% used [0x00000000ffd80000,0x00000000ffffca20,0x0000000100000000)
  to   space 6656K, 0% used [0x00000000ff300000,0x00000000ff300000,0x00000000ff980000)
 ParOldGen       total 44032K, used 5850K [0x00000000fc000000, 0x00000000feb00000, 0x00000000feb00000)
  object space 44032K, 13% used [0x00000000fc000000,0x00000000fc5b69b0,0x00000000feb00000)
 Metaspace       used 7890K, capacity 8136K, committed 8192K, reserved 1056768K
  class space    used 875K, capacity 970K, committed 1024K, reserved 1048576K
Event: 4.285 GC heap after
Heap after GC invocations=7 (full 0):
 PSYoungGen      total 8704K, used 480K [0x00000000feb00000, 0x0000000100000000, 0x0000000100000000)
  eden space 8192K, 0% used [0x00000000feb00000,0x00000000feb00000,0x00000000ff300000)
  from space 512K, 93% used [0x00000000ff300000,0x00000000ff378000,0x00000000ff380000)
  to   space 7168K, 0% used [0x00000000ff900000,0x00000000ff900000,0x0000000100000000)
 ParOldGen       total 44032K, used 7954K [0x00000000fc000000, 0x00000000feb00000, 0x00000000feb00000)
  object space 44032K, 18% used [0x00000000fc000000,0x00000000fc7c4918,0x00000000feb00000)
 Metaspace       used 7890K, capacity 8136K, committed 8192K, reserved 1056768K
  class space    used 875K, capacity 970K, committed 1024K, reserved 1048576K
}

